e:\development\pg\po\c++\c++\debug\vc120.pdb
e:\development\pg\po\c++\c++\debug\vc120.idb
e:\development\pg\po\c++\c++\debug\antelope.obj
e:\development\pg\po\c++\c++\debug\belladonna.obj
e:\development\pg\po\c++\c++\debug\console.obj
e:\development\pg\po\c++\c++\debug\dandelion.obj
e:\development\pg\po\c++\c++\debug\fox.obj
e:\development\pg\po\c++\c++\debug\grass.obj
e:\development\pg\po\c++\c++\debug\guarana.obj
e:\development\pg\po\c++\c++\debug\human.obj
e:\development\pg\po\c++\c++\debug\main.obj
e:\development\pg\po\c++\c++\debug\organism.obj
e:\development\pg\po\c++\c++\debug\plant.obj
e:\development\pg\po\c++\c++\debug\sheep.obj
e:\development\pg\po\c++\c++\debug\turtle.obj
e:\development\pg\po\c++\c++\debug\wolf.obj
e:\development\pg\po\c++\c++\debug\world.obj
e:\development\pg\po\c++\c++\debug\animal.obj
e:\development\pg\po\c++\c++\debug\xml.obj
e:\development\pg\po\c++\debug\c++.ilk
e:\development\pg\po\c++\debug\c++.exe
e:\development\pg\po\c++\debug\c++.pdb
e:\development\pg\po\c++\c++\debug\c++.tlog\c++.write.1u.tlog
e:\development\pg\po\c++\c++\debug\c++.tlog\cl.command.1.tlog
e:\development\pg\po\c++\c++\debug\c++.tlog\cl.read.1.tlog
e:\development\pg\po\c++\c++\debug\c++.tlog\cl.write.1.tlog
e:\development\pg\po\c++\c++\debug\c++.tlog\link.command.1.tlog
e:\development\pg\po\c++\c++\debug\c++.tlog\link.read.1.tlog
e:\development\pg\po\c++\c++\debug\c++.tlog\link.write.1.tlog
